<?xml version="1.0" encoding="UTF-8"?>
<!-- Generated by org.testng.reporters.JUnitReportReporter -->
<testsuite hostname="DESKTOP-R8LT1B9" failures="1" tests="12" name="com.runners.CucumberRunner" time="965.214" errors="4" timestamp="2024-11-13T13:30:51 IST" skipped="0">
  <testcase classname="com.runners.CucumberRunner" name="runScenario" time="61.556">
    <failure message="expected [New Projects in Whitefield, Bangalore: 241+ Pre Launch / Upcoming Projects in Whitefield] but found [New Projects in Whitefield, Bangalore: 238+ Pre Launch / Upcoming Projects in Whitefield]" type="java.lang.AssertionError">
      <![CDATA[java.lang.AssertionError: expected [New Projects in Whitefield, Bangalore: 241+ Pre Launch / Upcoming Projects in Whitefield] but found [New Projects in Whitefield, Bangalore: 238+ Pre Launch / Upcoming Projects in Whitefield]
at org.testng.Assert.fail(Assert.java:111)
at org.testng.Assert.failNotEquals(Assert.java:1578)
at org.testng.Assert.assertEqualsImpl(Assert.java:150)
at org.testng.Assert.assertEquals(Assert.java:132)
at org.testng.Assert.assertEquals(Assert.java:656)
at org.testng.Assert.assertEquals(Assert.java:666)
at com.stepDefinition.SeeAllProjects.the_user_should_click_on_a_project(SeeAllProjects.java:34)
at ✽.the user should click on a project(file:///C:/Users/admin/eclipse-workspace/SprintMagicBricksMbAdvice/./src/test/resources/featurefiles/mbAdviceSeeAllProject.feature:12)
]]>
    </failure>
    <system-out>
      <![CDATA[User navigated to magicbricks url
User is Hover on MbAdvicelink
User is able to see the sub-options
User successfully navigated to the localities page in Bangalore
User clicked on see all projects button]]>
    </system-out>
  </testcase> <!-- runScenario -->
  <testcase classname="com.runners.CucumberRunner" name="runScenario" time="97.710">
    <system-out>
      <![CDATA[User navigated to magicbricks url
User is Hover on MbAdvicelink
User is able to see the sub-options
User successfully navigated to the localities page in Bangalore
User clicked on property worth button
The user filled the details of the property worth]]>
    </system-out>
  </testcase> <!-- runScenario -->
  <testcase classname="com.runners.CucumberRunner" name="runScenario" time="98.959">
    <system-out>
      <![CDATA[User navigated to magicbricks url
User is Hover on MbAdvicelink
User is able to see the sub-options
User successfully navigated to the localities page in Bangalore
Explore Locality button is displayed.
Clicked on Explore Locality button.
Rates and Trends button is displayed.
Clicked on Rates and Trends button.]]>
    </system-out>
  </testcase> <!-- runScenario -->
  <testcase classname="com.runners.CucumberRunner" name="runScenario" time="59.545">
    <system-out>
      <![CDATA[User navigated to magicbricks url
User is Hover on MbAdvicelink
User is able to see the sub-options
User successfully navigated to the localities page in Bangalore
User is able to sort the localities using rating filter
User is able to sort the localities using rating filter]]>
    </system-out>
  </testcase> <!-- runScenario -->
  <testcase classname="com.runners.CucumberRunner" name="runScenario" time="96.983">
    <error message="Cannot invoke &quot;org.apache.poi.ss.usermodel.Row.getCell(int)&quot; because the return value of &quot;org.apache.poi.ss.usermodel.Sheet.getRow(int)&quot; is null" type="java.lang.NullPointerException">
      <![CDATA[java.lang.NullPointerException: Cannot invoke "org.apache.poi.ss.usermodel.Row.getCell(int)" because the return value of "org.apache.poi.ss.usermodel.Sheet.getRow(int)" is null
at com.utilityClasses.FileUtility.getDataFromExcel(FileUtility.java:20)
at com.stepDefinition.PriceAndTrends.click_on_the_in_the_for_sale_section(PriceAndTrends.java:48)
at ✽.click on the 2 in the for sale section(file:///C:/Users/admin/eclipse-workspace/SprintMagicBricksMbAdvice/./src/test/resources/featurefiles/mbAdvicePriceTrends.feature:13)
]]>
    </error>
    <system-out>
      <![CDATA[User navigated to magicbricks url
User is Hover on MbAdvicelink
User is able to see the sub-options
User successfully navigated to the localities page in Bangalore
User clicked on explore locality button
User navigated to the locality page
User is able to click on price and trends options]]>
    </system-out>
  </testcase> <!-- runScenario -->
  <testcase classname="com.runners.CucumberRunner" name="runScenario" time="97.581">
    <error message="Cannot invoke &quot;org.apache.poi.ss.usermodel.Row.getCell(int)&quot; because the return value of &quot;org.apache.poi.ss.usermodel.Sheet.getRow(int)&quot; is null" type="java.lang.NullPointerException">
      <![CDATA[java.lang.NullPointerException: Cannot invoke "org.apache.poi.ss.usermodel.Row.getCell(int)" because the return value of "org.apache.poi.ss.usermodel.Sheet.getRow(int)" is null
at com.utilityClasses.FileUtility.getDataFromExcel(FileUtility.java:20)
at com.stepDefinition.PriceAndTrends.click_on_the_in_the_for_sale_section(PriceAndTrends.java:48)
at ✽.click on the 3 in the for sale section(file:///C:/Users/admin/eclipse-workspace/SprintMagicBricksMbAdvice/./src/test/resources/featurefiles/mbAdvicePriceTrends.feature:13)
]]>
    </error>
    <system-out>
      <![CDATA[User navigated to magicbricks url
User is Hover on MbAdvicelink
User is able to see the sub-options
User successfully navigated to the localities page in Bangalore
User clicked on explore locality button
User navigated to the locality page
User is able to click on price and trends options]]>
    </system-out>
  </testcase> <!-- runScenario -->
  <testcase classname="com.runners.CucumberRunner" name="runScenario" time="54.520">
    <system-out>
      <![CDATA[User navigated to magicbricks url
User is Hover on MbAdvicelink
User is able to see the sub-options
User successfully navigated to the localities page in Bangalore]]>
    </system-out>
  </testcase> <!-- runScenario -->
  <testcase classname="com.runners.CucumberRunner" name="runScenario" time="86.565">
    <error message="The step &#039;The Browser should be launched and URL should be navigated&#039; and 2 other step(s) are undefined.
You can implement these steps using the snippet(s) below:

@Given(&quot;The Browser should be launched and URL should be navigated&quot;)
public void the_browser_should_be_launched_and_url_should_be_navigated() {
    // Write code here that turns the phrase above into concrete actions
    throw new io.cucumber.java.PendingException();
}
@When(&quot;user should be able to enter valid credentails and click on next button&quot;)
public void user_should_be_able_to_enter_valid_credentails_and_click_on_next_button() {
    // Write code here that turns the phrase above into concrete actions
    throw new io.cucumber.java.PendingException();
}
@Then(&quot;browser should be closed&quot;)
public void browser_should_be_closed() {
    // Write code here that turns the phrase above into concrete actions
    throw new io.cucumber.java.PendingException();
}
" type="io.cucumber.testng.UndefinedStepException">
      <![CDATA[io.cucumber.testng.UndefinedStepException: The step 'The Browser should be launched and URL should be navigated' and 2 other step(s) are undefined.
You can implement these steps using the snippet(s) below:

@Given("The Browser should be launched and URL should be navigated")
public void the_browser_should_be_launched_and_url_should_be_navigated() {
    // Write code here that turns the phrase above into concrete actions
    throw new io.cucumber.java.PendingException();
}
@When("user should be able to enter valid credentails and click on next button")
public void user_should_be_able_to_enter_valid_credentails_and_click_on_next_button() {
    // Write code here that turns the phrase above into concrete actions
    throw new io.cucumber.java.PendingException();
}
@Then("browser should be closed")
public void browser_should_be_closed() {
    // Write code here that turns the phrase above into concrete actions
    throw new io.cucumber.java.PendingException();
}

at io.cucumber.core.runtime.TestCaseResultObserver.assertTestCasePassed(TestCaseResultObserver.java:69)
at io.cucumber.testng.TestCaseResultObserver.assertTestCasePassed(TestCaseResultObserver.java:23)
at io.cucumber.testng.TestNGCucumberRunner.lambda$runScenario$1(TestNGCucumberRunner.java:133)
at io.cucumber.core.runtime.CucumberExecutionContext.lambda$runTestCase$5(CucumberExecutionContext.java:137)
at io.cucumber.core.runtime.RethrowingThrowableCollector.executeAndThrow(RethrowingThrowableCollector.java:23)
at io.cucumber.core.runtime.CucumberExecutionContext.runTestCase(CucumberExecutionContext.java:137)
at io.cucumber.testng.TestNGCucumberRunner.runScenario(TestNGCucumberRunner.java:129)
at io.cucumber.testng.AbstractTestNGCucumberTests.runScenario(AbstractTestNGCucumberTests.java:35)
at java.base/jdk.internal.reflect.DirectMethodHandleAccessor.invoke(DirectMethodHandleAccessor.java:103)
at java.base/java.lang.reflect.Method.invoke(Method.java:580)
at org.testng.internal.invokers.MethodInvocationHelper.invokeMethod(MethodInvocationHelper.java:139)
at org.testng.internal.invokers.TestInvoker.invokeMethod(TestInvoker.java:664)
at org.testng.internal.invokers.TestInvoker.invokeTestMethod(TestInvoker.java:227)
at org.testng.internal.invokers.MethodRunner.runInSequence(MethodRunner.java:50)
at org.testng.internal.invokers.TestInvoker$MethodInvocationAgent.invoke(TestInvoker.java:957)
at org.testng.internal.invokers.TestInvoker.invokeTestMethods(TestInvoker.java:200)
at org.testng.internal.invokers.TestMethodWorker.invokeTestMethods(TestMethodWorker.java:148)
at org.testng.internal.invokers.TestMethodWorker.run(TestMethodWorker.java:128)
at java.base/java.util.ArrayList.forEach(ArrayList.java:1597)
at org.testng.TestRunner.privateRun(TestRunner.java:848)
at org.testng.TestRunner.run(TestRunner.java:621)
at org.testng.SuiteRunner.runTest(SuiteRunner.java:443)
at org.testng.SuiteRunner.runSequentially(SuiteRunner.java:437)
at org.testng.SuiteRunner.privateRun(SuiteRunner.java:397)
at org.testng.SuiteRunner.run(SuiteRunner.java:336)
at org.testng.SuiteRunnerWorker.runSuite(SuiteRunnerWorker.java:52)
at org.testng.SuiteRunnerWorker.run(SuiteRunnerWorker.java:95)
at org.testng.TestNG.runSuitesSequentially(TestNG.java:1280)
at org.testng.TestNG.runSuitesLocally(TestNG.java:1200)
at org.testng.TestNG.runSuites(TestNG.java:1114)
at org.testng.TestNG.run(TestNG.java:1082)
at org.testng.remote.AbstractRemoteTestNG.run(AbstractRemoteTestNG.java:115)
at org.testng.remote.RemoteTestNG.initAndRun(RemoteTestNG.java:293)
at org.testng.remote.RemoteTestNG.main(RemoteTestNG.java:91)
]]>
    </error>
  </testcase> <!-- runScenario -->
  <testcase classname="com.runners.CucumberRunner" name="runScenario" time="94.624">
    <error message="Cannot invoke &quot;org.apache.poi.ss.usermodel.Row.getCell(int)&quot; because the return value of &quot;org.apache.poi.ss.usermodel.Sheet.getRow(int)&quot; is null" type="java.lang.NullPointerException">
      <![CDATA[java.lang.NullPointerException: Cannot invoke "org.apache.poi.ss.usermodel.Row.getCell(int)" because the return value of "org.apache.poi.ss.usermodel.Sheet.getRow(int)" is null
at com.utilityClasses.FileUtility.getDataFromExcel(FileUtility.java:20)
at com.stepDefinition.PriceAndTrends.click_on_the_in_the_for_sale_section(PriceAndTrends.java:48)
at ✽.click on the 4 in the for sale section(file:///C:/Users/admin/eclipse-workspace/SprintMagicBricksMbAdvice/./src/test/resources/featurefiles/mbAdvicePriceTrends.feature:13)
]]>
    </error>
    <system-out>
      <![CDATA[User navigated to magicbricks url
User is Hover on MbAdvicelink
User is able to see the sub-options
User successfully navigated to the localities page in Bangalore
User clicked on explore locality button
User navigated to the locality page
User is able to click on price and trends options]]>
    </system-out>
  </testcase> <!-- runScenario -->
  <testcase classname="com.runners.CucumberRunner" name="runScenario" time="92.868">
    <system-out>
      <![CDATA[User navigated to magicbricks url
User is Hover on MbAdvicelink
User is able to see the sub-options
User successfully navigated to the localities page in Bangalore
User clicked on explore locality button
User navigated to the locality page
User is able to click on price and trends options]]>
    </system-out>
  </testcase> <!-- runScenario -->
  <testcase classname="com.runners.CucumberRunner" name="runScenario" time="64.658">
    <system-out>
      <![CDATA[User navigated to magicbricks url
User is Hover on MbAdvicelink
User is able to see the sub-options
User successfully navigated to the localities page in Bangalore
The 'Read More' option is displayed.
Clicked on 'Read less' option.]]>
    </system-out>
  </testcase> <!-- runScenario -->
  <testcase classname="com.runners.CucumberRunner" name="runScenario" time="59.645">
    <system-out>
      <![CDATA[User navigated to magicbricks url
User is Hover on MbAdvicelink
User is able to see the sub-options
User successfully navigated to the localities page in Bangalore
User is able to sort the localities using ranking filter
User is able to sort the localities using ranking filter]]>
    </system-out>
  </testcase> <!-- runScenario -->
  <system-out>
    <![CDATA[User navigated to magicbricks url
User is Hover on MbAdvicelink
User is able to see the sub-options
User successfully navigated to the localities page in Bangalore
Explore Locality button is displayed.
Clicked on Explore Locality button.
Rates and Trends button is displayed.
Clicked on Rates and Trends button.
User navigated to magicbricks url
User is Hover on MbAdvicelink
User is able to see the sub-options
User successfully navigated to the localities page in Bangalore
User navigated to magicbricks url
User is Hover on MbAdvicelink
User is able to see the sub-options
User successfully navigated to the localities page in Bangalore
User clicked on explore locality button
User navigated to the locality page
User is able to click on price and trends options
User navigated to magicbricks url
User is Hover on MbAdvicelink
User is able to see the sub-options
User successfully navigated to the localities page in Bangalore
User clicked on explore locality button
User navigated to the locality page
User is able to click on price and trends options
User navigated to magicbricks url
User is Hover on MbAdvicelink
User is able to see the sub-options
User successfully navigated to the localities page in Bangalore
User clicked on explore locality button
User navigated to the locality page
User is able to click on price and trends options
User navigated to magicbricks url
User is Hover on MbAdvicelink
User is able to see the sub-options
User successfully navigated to the localities page in Bangalore
User clicked on explore locality button
User navigated to the locality page
User is able to click on price and trends options
User navigated to magicbricks url
User is Hover on MbAdvicelink
User is able to see the sub-options
User successfully navigated to the localities page in Bangalore
User clicked on property worth button
The user filled the details of the property worth
User navigated to magicbricks url
User is Hover on MbAdvicelink
User is able to see the sub-options
User successfully navigated to the localities page in Bangalore
The 'Read More' option is displayed.
Clicked on 'Read less' option.
User navigated to magicbricks url
User is Hover on MbAdvicelink
User is able to see the sub-options
User successfully navigated to the localities page in Bangalore
User clicked on see all projects button
User navigated to magicbricks url
User is Hover on MbAdvicelink
User is able to see the sub-options
User successfully navigated to the localities page in Bangalore
User is able to sort the localities using rating filter
User is able to sort the localities using rating filter
User navigated to magicbricks url
User is Hover on MbAdvicelink
User is able to see the sub-options
User successfully navigated to the localities page in Bangalore
User is able to sort the localities using ranking filter
User is able to sort the localities using ranking filter]]>
  </system-out>
</testsuite> <!-- com.runners.CucumberRunner -->
